TN:
SF:/Users/juancamiloisaza/Documents/rule-of-thumb/src/polyfills.ts
FNF:0
FNH:0
DA:46,1
DA:74,1
LF:2
LH:2
BRF:0
BRH:0
end_of_record
TN:
SF:/Users/juancamiloisaza/Documents/rule-of-thumb/src/test.ts
FNF:0
FNH:0
DA:3,1
DA:4,1
DA:5,1
DA:13,1
DA:18,1
DA:20,1
LF:6
LH:6
BRF:0
BRH:0
end_of_record
TN:
SF:/Users/juancamiloisaza/Documents/rule-of-thumb/src/app/app.component.ts
FN:8,AppComponent
FNF:1
FNH:1
FNDA:1,AppComponent
DA:1,1
DA:8,1
LF:2
LH:2
BRF:0
BRH:0
end_of_record
TN:
SF:/Users/juancamiloisaza/Documents/rule-of-thumb/src/app/services/local-storage.service.ts
FN:3,LocalStorageService
FN:9,(anonymous_3)
FN:21,(anonymous_4)
FN:35,(anonymous_5)
FN:44,(anonymous_6)
FNF:5
FNH:4
FNDA:4,LocalStorageService
FNDA:3,(anonymous_3)
FNDA:1,(anonymous_4)
FNDA:1,(anonymous_5)
FNDA:0,(anonymous_6)
DA:1,1
DA:4,1
DA:5,4
DA:7,4
DA:9,1
DA:10,3
DA:12,3
DA:13,3
DA:15,0
DA:17,3
DA:18,3
DA:21,1
DA:22,1
DA:23,0
DA:25,1
DA:26,1
DA:27,1
DA:28,1
DA:29,1
DA:31,0
DA:35,1
DA:36,1
DA:37,1
DA:38,1
DA:40,0
DA:44,1
DA:45,0
DA:46,0
DA:49,1
LF:29
LH:23
BRDA:17,0,0,3
BRDA:17,0,1,2
BRDA:18,1,0,3
BRDA:18,1,1,2
BRDA:22,2,0,0
BRDA:22,2,1,1
BRDA:22,3,0,1
BRDA:22,3,1,0
BRDA:45,4,0,0
BRDA:45,4,1,0
BRF:10
BRH:6
end_of_record
TN:
SF:/Users/juancamiloisaza/Documents/rule-of-thumb/src/app/services/votes.service.ts
FN:10,VotesService
FN:14,(anonymous_4)
FNF:2
FNH:2
FNDA:2,VotesService
FNDA:1,(anonymous_4)
DA:1,1
DA:2,1
DA:7,1
DA:8,2
DA:11,2
DA:14,1
DA:15,1
DA:17,1
LF:8
LH:8
BRF:0
BRH:0
end_of_record
TN:
SF:/Users/juancamiloisaza/Documents/rule-of-thumb/src/app/states/home/home.component.ts
FN:17,HomeComponent
FN:22,(anonymous_4)
FN:27,(anonymous_5)
FN:35,(anonymous_6)
FNF:4
FNH:3
FNDA:1,HomeComponent
FNDA:1,(anonymous_4)
FNDA:0,(anonymous_5)
FNDA:1,(anonymous_6)
DA:2,1
DA:3,1
DA:4,1
DA:5,1
DA:12,1
DA:15,1
DA:18,1
DA:19,1
DA:22,1
DA:23,1
DA:24,1
DA:25,1
DA:27,0
DA:28,0
DA:29,0
DA:31,0
DA:35,1
DA:36,1
DA:38,1
LF:19
LH:15
BRDA:24,0,0,1
BRDA:24,0,1,0
BRF:2
BRH:1
end_of_record
